Downloading/unpacking paramiko
  Getting page https://pypi.python.org/simple/paramiko/
  URLs to search for versions for paramiko:
  * https://pypi.python.org/simple/paramiko/
  Analyzing links from page https://pypi.python.org/simple/paramiko/
    Found link https://pypi.python.org/packages/2.6/p/paramiko/paramiko-1.13.1-py2.py3-none-any.whl#md5=2d28a672b66abaaa99bb3eb1e0288649 (from https://pypi.python.org/simple/paramiko/), version: 1.13.1
    Found link https://pypi.python.org/packages/2.6/p/paramiko/paramiko-1.14.0-py2.py3-none-any.whl#md5=cc57661a22484fd78188e89bbadfa1a1 (from https://pypi.python.org/simple/paramiko/), version: 1.14.0
    Found link https://pypi.python.org/packages/source/p/paramiko/paramiko-0.1-bulbasaur.zip#md5=e32431cd7649146dca5861bce306e56b (from https://pypi.python.org/simple/paramiko/), version: 0.1-bulbasaur
    Found link https://pypi.python.org/packages/source/p/paramiko/paramiko-0.1-charmander.zip#md5=f7a14837f49d5870f1b7ebf957cbee17 (from https://pypi.python.org/simple/paramiko/), version: 0.1-charmander
    Found link https://pypi.python.org/packages/source/p/paramiko/paramiko-0.9-doduo.zip#md5=8f26db8130f90e64b139277fa9b2653e (from https://pypi.python.org/simple/paramiko/), version: 0.9-doduo
    Found link https://pypi.python.org/packages/source/p/paramiko/paramiko-0.9-eevee.zip#md5=4688a6f60339021ba5c71e017abcbcf5 (from https://pypi.python.org/simple/paramiko/), version: 0.9-eevee
    Found link https://pypi.python.org/packages/source/p/paramiko/paramiko-0.9-fearow.zip#md5=69dc72434f88381c6d03d43082db511e (from https://pypi.python.org/simple/paramiko/), version: 0.9-fearow
    Found link https://pypi.python.org/packages/source/p/paramiko/paramiko-0.9-gyarados.zip#md5=5619cb4035cacc20a9f8cf4be1eb90a8 (from https://pypi.python.org/simple/paramiko/), version: 0.9-gyarados
    Found link https://pypi.python.org/packages/source/p/paramiko/paramiko-0.9-horsea.zip#md5=3b5730be2e84ba13c8945bdb75e73e13 (from https://pypi.python.org/simple/paramiko/), version: 0.9-horsea
    Found link https://pypi.python.org/packages/source/p/paramiko/paramiko-0.9-ivysaur.zip#md5=7dca2bd69afd0108757390ee1d547448 (from https://pypi.python.org/simple/paramiko/), version: 0.9-ivysaur
    Found link https://pypi.python.org/packages/source/p/paramiko/paramiko-1.0.zip#md5=9b2487ac9fc4778603a80aeac6cc9bbf (from https://pypi.python.org/simple/paramiko/), version: 1.0
    Found link https://pypi.python.org/packages/source/p/paramiko/paramiko-1.1.zip#md5=916b9337e5557245d5b9ce85bca9d9d3 (from https://pypi.python.org/simple/paramiko/), version: 1.1
    Found link https://pypi.python.org/packages/source/p/paramiko/paramiko-1.10.0.tar.gz#md5=df3dc87d1501cd529b4f68cf20d5b249 (from https://pypi.python.org/simple/paramiko/), version: 1.10.0
    Found link https://pypi.python.org/packages/source/p/paramiko/paramiko-1.10.1.tar.gz#md5=4ba105e2d8535496fd633889396b20b7 (from https://pypi.python.org/simple/paramiko/), version: 1.10.1
    Found link https://pypi.python.org/packages/source/p/paramiko/paramiko-1.10.2.tar.gz#md5=7cb9fd330d7bb6799c392f3822866a73 (from https://pypi.python.org/simple/paramiko/), version: 1.10.2
    Found link https://pypi.python.org/packages/source/p/paramiko/paramiko-1.10.3.tar.gz#md5=e817e606156009fa3ffd751cfa2062e3 (from https://pypi.python.org/simple/paramiko/), version: 1.10.3
    Found link https://pypi.python.org/packages/source/p/paramiko/paramiko-1.10.4.tar.gz#md5=aefe6dcb510104eb667a91ad32537472 (from https://pypi.python.org/simple/paramiko/), version: 1.10.4
    Found link https://pypi.python.org/packages/source/p/paramiko/paramiko-1.10.5.tar.gz#md5=592175f8dc414ffe7cedf1e48795484f (from https://pypi.python.org/simple/paramiko/), version: 1.10.5
    Found link https://pypi.python.org/packages/source/p/paramiko/paramiko-1.10.6.tar.gz#md5=0f56ac48b7f1fd091f48bb4e9832a1f1 (from https://pypi.python.org/simple/paramiko/), version: 1.10.6
    Found link https://pypi.python.org/packages/source/p/paramiko/paramiko-1.10.7.tar.gz#md5=34361ca5c38bd39eecf8b546277781dd (from https://pypi.python.org/simple/paramiko/), version: 1.10.7
    Found link https://pypi.python.org/packages/source/p/paramiko/paramiko-1.11.0.tar.gz#md5=a2c55dc04904bd08d984533703177084 (from https://pypi.python.org/simple/paramiko/), version: 1.11.0
    Found link https://pypi.python.org/packages/source/p/paramiko/paramiko-1.11.1.tar.gz#md5=4f79dbb5741bf900f09ec513807e1c1a (from https://pypi.python.org/simple/paramiko/), version: 1.11.1
    Found link https://pypi.python.org/packages/source/p/paramiko/paramiko-1.11.2.tar.gz#md5=02a7450eff824744d1367d6064378ce8 (from https://pypi.python.org/simple/paramiko/), version: 1.11.2
    Found link https://pypi.python.org/packages/source/p/paramiko/paramiko-1.11.3.tar.gz#md5=b1b50714aee3a6734074ecc5415813e2 (from https://pypi.python.org/simple/paramiko/), version: 1.11.3
    Found link https://pypi.python.org/packages/source/p/paramiko/paramiko-1.11.4.tar.gz#md5=26fc154fd934454fb5a404ecb0650e4b (from https://pypi.python.org/simple/paramiko/), version: 1.11.4
    Found link https://pypi.python.org/packages/source/p/paramiko/paramiko-1.11.5.tar.gz#md5=04828fcc9e2468aa305c481607e2c7c6 (from https://pypi.python.org/simple/paramiko/), version: 1.11.5
    Found link https://pypi.python.org/packages/source/p/paramiko/paramiko-1.11.6.tar.gz#md5=f92b404c2bf9762cf1dfcaf4a2efeba9 (from https://pypi.python.org/simple/paramiko/), version: 1.11.6
    Found link https://pypi.python.org/packages/source/p/paramiko/paramiko-1.12.0.tar.gz#md5=4187f77b1a5a313c899993930e30c321 (from https://pypi.python.org/simple/paramiko/), version: 1.12.0
    Found link https://pypi.python.org/packages/source/p/paramiko/paramiko-1.12.1.tar.gz#md5=ae4544dc0a1419b141342af89fcf0dd9 (from https://pypi.python.org/simple/paramiko/), version: 1.12.1
    Found link https://pypi.python.org/packages/source/p/paramiko/paramiko-1.12.2.tar.gz#md5=1453e37f868b76af84dd1319e08c53f9 (from https://pypi.python.org/simple/paramiko/), version: 1.12.2
    Found link https://pypi.python.org/packages/source/p/paramiko/paramiko-1.12.3.tar.gz#md5=ee844f812d91628d7dcb1f8d70ea2973 (from https://pypi.python.org/simple/paramiko/), version: 1.12.3
    Found link https://pypi.python.org/packages/source/p/paramiko/paramiko-1.12.4.tar.gz#md5=166e6a9ffad23a1140fea55fbdfb8847 (from https://pypi.python.org/simple/paramiko/), version: 1.12.4
    Found link https://pypi.python.org/packages/source/p/paramiko/paramiko-1.13.0.tar.gz#md5=acc53ee396dd907220a4141e118a845d (from https://pypi.python.org/simple/paramiko/), version: 1.13.0
    Found link https://pypi.python.org/packages/source/p/paramiko/paramiko-1.13.1.tar.gz#md5=9dc0f3d822cce52e65b86f69f31bb555 (from https://pypi.python.org/simple/paramiko/), version: 1.13.1
    Found link https://pypi.python.org/packages/source/p/paramiko/paramiko-1.14.0.tar.gz#md5=e26324fd398af68ad506fe98853835c3 (from https://pypi.python.org/simple/paramiko/), version: 1.14.0
    Found link https://pypi.python.org/packages/source/p/paramiko/paramiko-1.2.zip#md5=b66e9d9bf666b2d94796c23a6c800994 (from https://pypi.python.org/simple/paramiko/), version: 1.2
    Found link https://pypi.python.org/packages/source/p/paramiko/paramiko-1.3.1.zip#md5=804c1277a512b97aa277a863fb044f69 (from https://pypi.python.org/simple/paramiko/), version: 1.3.1
    Found link https://pypi.python.org/packages/source/p/paramiko/paramiko-1.3.zip#md5=7c83f8312d35e84f80899b81b4368e81 (from https://pypi.python.org/simple/paramiko/), version: 1.3
    Found link https://pypi.python.org/packages/source/p/paramiko/paramiko-1.4.zip#md5=58d5f189c5325b925ed06ab4308f829c (from https://pypi.python.org/simple/paramiko/), version: 1.4
    Found link https://pypi.python.org/packages/source/p/paramiko/paramiko-1.5.1.zip#md5=110e84152106ee7f465582350571cc60 (from https://pypi.python.org/simple/paramiko/), version: 1.5.1
    Found link https://pypi.python.org/packages/source/p/paramiko/paramiko-1.5.2.zip#md5=e9150f837a00fb95847657684873f201 (from https://pypi.python.org/simple/paramiko/), version: 1.5.2
    Found link https://pypi.python.org/packages/source/p/paramiko/paramiko-1.5.4.zip#md5=a580fab7d295e7c731d0c270465d9560 (from https://pypi.python.org/simple/paramiko/), version: 1.5.4
    Found link https://pypi.python.org/packages/source/p/paramiko/paramiko-1.6.1.zip#md5=8dbd556c0f6c8bb8bf8b97f0e05a910e (from https://pypi.python.org/simple/paramiko/), version: 1.6.1
    Found link https://pypi.python.org/packages/source/p/paramiko/paramiko-1.6.2.zip#md5=d43879c86fcc100d199df425a3fcaf05 (from https://pypi.python.org/simple/paramiko/), version: 1.6.2
    Found link https://pypi.python.org/packages/source/p/paramiko/paramiko-1.6.3.zip#md5=5b3269d7cbc724fd86dc21d412f05edc (from https://pypi.python.org/simple/paramiko/), version: 1.6.3
    Found link https://pypi.python.org/packages/source/p/paramiko/paramiko-1.6.4.zip#md5=ab390b2b11ce782063bffdc97be8ab0c (from https://pypi.python.org/simple/paramiko/), version: 1.6.4
    Found link https://pypi.python.org/packages/source/p/paramiko/paramiko-1.6.zip#md5=07c69af81962243907133ed02741b0c6 (from https://pypi.python.org/simple/paramiko/), version: 1.6
    Found link https://pypi.python.org/packages/source/p/paramiko/paramiko-1.7.1.zip#md5=f242d6589c9b5106cd517f9d41a3468c (from https://pypi.python.org/simple/paramiko/), version: 1.7.1
    Found link https://pypi.python.org/packages/source/p/paramiko/paramiko-1.7.2.zip#md5=bf7268a722d5760149fb9dfc1432a6a6 (from https://pypi.python.org/simple/paramiko/), version: 1.7.2
    Found link https://pypi.python.org/packages/source/p/paramiko/paramiko-1.7.4.tar.gz#md5=23061d68bbcb68dbcc8afbe4cb034f62 (from https://pypi.python.org/simple/paramiko/), version: 1.7.4
    Found link https://pypi.python.org/packages/source/p/paramiko/paramiko-1.7.5.zip#md5=684dd033b7b84bedf06360ecb8983654 (from https://pypi.python.org/simple/paramiko/), version: 1.7.5
    Found link https://pypi.python.org/packages/source/p/paramiko/paramiko-1.7.6.zip#md5=b1cfe0cd55772115f808a11c1baba8a0 (from https://pypi.python.org/simple/paramiko/), version: 1.7.6
    Found link https://pypi.python.org/packages/source/p/paramiko/paramiko-1.7.7.1.zip#md5=4a9d3bab15a0cbf8b0b828aefd395993 (from https://pypi.python.org/simple/paramiko/), version: 1.7.7.1
    Found link https://pypi.python.org/packages/source/p/paramiko/paramiko-1.7.7.2.zip#md5=f6b2dc341ee62c30574570182b7a5744 (from https://pypi.python.org/simple/paramiko/), version: 1.7.7.2
    Found link https://pypi.python.org/packages/source/p/paramiko/paramiko-1.7.zip#md5=11eb2a8688c6719a24a01f82153ffe4e (from https://pypi.python.org/simple/paramiko/), version: 1.7
    Found link https://pypi.python.org/packages/source/p/paramiko/paramiko-1.8.0.tar.gz#md5=a4401dba9bbf71b056244481d2d3b16a (from https://pypi.python.org/simple/paramiko/), version: 1.8.0
    Found link https://pypi.python.org/packages/source/p/paramiko/paramiko-1.8.1.tar.gz#md5=bc2a5b7b4a7f80eed0172b8dc5519df1 (from https://pypi.python.org/simple/paramiko/), version: 1.8.1
    Found link https://pypi.python.org/packages/source/p/paramiko/paramiko-1.9.0.tar.gz#md5=b78472021ff6586dd61ad6972032f54f (from https://pypi.python.org/simple/paramiko/), version: 1.9.0
  Ignoring link https://pypi.python.org/packages/source/p/paramiko/paramiko-0.1-bulbasaur.zip#md5=e32431cd7649146dca5861bce306e56b (from https://pypi.python.org/simple/paramiko/), version 0.1-bulbasaur is a pre-release (use --pre to allow).
  Ignoring link https://pypi.python.org/packages/source/p/paramiko/paramiko-0.1-charmander.zip#md5=f7a14837f49d5870f1b7ebf957cbee17 (from https://pypi.python.org/simple/paramiko/), version 0.1-charmander is a pre-release (use --pre to allow).
  Ignoring link https://pypi.python.org/packages/source/p/paramiko/paramiko-0.9-doduo.zip#md5=8f26db8130f90e64b139277fa9b2653e (from https://pypi.python.org/simple/paramiko/), version 0.9-doduo is a pre-release (use --pre to allow).
  Ignoring link https://pypi.python.org/packages/source/p/paramiko/paramiko-0.9-eevee.zip#md5=4688a6f60339021ba5c71e017abcbcf5 (from https://pypi.python.org/simple/paramiko/), version 0.9-eevee is a pre-release (use --pre to allow).
  Ignoring link https://pypi.python.org/packages/source/p/paramiko/paramiko-0.9-fearow.zip#md5=69dc72434f88381c6d03d43082db511e (from https://pypi.python.org/simple/paramiko/), version 0.9-fearow is a pre-release (use --pre to allow).
  Ignoring link https://pypi.python.org/packages/source/p/paramiko/paramiko-0.9-gyarados.zip#md5=5619cb4035cacc20a9f8cf4be1eb90a8 (from https://pypi.python.org/simple/paramiko/), version 0.9-gyarados is a pre-release (use --pre to allow).
  Ignoring link https://pypi.python.org/packages/source/p/paramiko/paramiko-0.9-horsea.zip#md5=3b5730be2e84ba13c8945bdb75e73e13 (from https://pypi.python.org/simple/paramiko/), version 0.9-horsea is a pre-release (use --pre to allow).
  Ignoring link https://pypi.python.org/packages/source/p/paramiko/paramiko-0.9-ivysaur.zip#md5=7dca2bd69afd0108757390ee1d547448 (from https://pypi.python.org/simple/paramiko/), version 0.9-ivysaur is a pre-release (use --pre to allow).
  Using version 1.14.0 (newest of versions: 1.14.0, 1.14.0, 1.13.1, 1.13.1, 1.13.0, 1.12.4, 1.12.3, 1.12.2, 1.12.1, 1.12.0, 1.11.6, 1.11.5, 1.11.4, 1.11.3, 1.11.2, 1.11.1, 1.11.0, 1.10.7, 1.10.6, 1.10.5, 1.10.4, 1.10.3, 1.10.2, 1.10.1, 1.10.0, 1.9.0, 1.8.1, 1.8.0, 1.7.7.2, 1.7.7.1, 1.7.6, 1.7.5, 1.7.4, 1.7.2, 1.7.1, 1.7, 1.6.4, 1.6.3, 1.6.2, 1.6.1, 1.6, 1.5.4, 1.5.2, 1.5.1, 1.4, 1.3.1, 1.3, 1.2, 1.1, 1.0)
  Downloading from URL https://pypi.python.org/packages/2.6/p/paramiko/paramiko-1.14.0-py2.py3-none-any.whl#md5=cc57661a22484fd78188e89bbadfa1a1 (from https://pypi.python.org/simple/paramiko/)
Downloading/unpacking pycrypto>=2.1,!=2.4 (from paramiko)
  Getting page https://pypi.python.org/simple/pycrypto/
  URLs to search for versions for pycrypto>=2.1,!=2.4 (from paramiko):
  * https://pypi.python.org/simple/pycrypto/
  Analyzing links from page https://pypi.python.org/simple/pycrypto/
    Found link https://pypi.python.org/packages/source/p/pycrypto/pycrypto-2.0.1.tar.gz#md5=4d5674f3898a573691ffb335e8d749cd (from https://pypi.python.org/simple/pycrypto/), version: 2.0.1
    Found link https://pypi.python.org/packages/source/p/pycrypto/pycrypto-2.1.0.tar.gz#md5=1d3eb04f06e6f09a080bc37fb019f9bf (from https://pypi.python.org/simple/pycrypto/), version: 2.1.0
    Found link https://pypi.python.org/packages/source/p/pycrypto/pycrypto-2.2.tar.gz#md5=4f0ed728b14b98f09120cb2ec461ec98 (from https://pypi.python.org/simple/pycrypto/), version: 2.2
    Found link https://pypi.python.org/packages/source/p/pycrypto/pycrypto-2.3.tar.gz#md5=2b811cfbfc342d83ee614097effb8101 (from https://pypi.python.org/simple/pycrypto/), version: 2.3
    Found link https://pypi.python.org/packages/source/p/pycrypto/pycrypto-2.4.1.tar.gz#md5=c2a1404a848797fb0806f3e11c29ef15 (from https://pypi.python.org/simple/pycrypto/), version: 2.4.1
    Found link https://pypi.python.org/packages/source/p/pycrypto/pycrypto-2.4.tar.gz#md5=274fa44c30a320d56460a93fdd95e702 (from https://pypi.python.org/simple/pycrypto/), version: 2.4
    Found link https://pypi.python.org/packages/source/p/pycrypto/pycrypto-2.5.tar.gz#md5=783e45d4a1a309e03ab378b00f97b291 (from https://pypi.python.org/simple/pycrypto/), version: 2.5
    Found link https://pypi.python.org/packages/source/p/pycrypto/pycrypto-2.6.1.tar.gz#md5=55a61a054aa66812daf5161a0d5d7eda (from https://pypi.python.org/simple/pycrypto/), version: 2.6.1
    Found link https://pypi.python.org/packages/source/p/pycrypto/pycrypto-2.6.tar.gz#md5=88dad0a270d1fe83a39e0467a66a22bb (from https://pypi.python.org/simple/pycrypto/), version: 2.6
  Ignoring link https://pypi.python.org/packages/source/p/pycrypto/pycrypto-2.0.1.tar.gz#md5=4d5674f3898a573691ffb335e8d749cd (from https://pypi.python.org/simple/pycrypto/), version 2.0.1 doesn't match >=2.1,!=2.4
  Ignoring link https://pypi.python.org/packages/source/p/pycrypto/pycrypto-2.4.tar.gz#md5=274fa44c30a320d56460a93fdd95e702 (from https://pypi.python.org/simple/pycrypto/), version 2.4 doesn't match >=2.1,!=2.4
  Using version 2.6.1 (newest of versions: 2.6.1, 2.6, 2.5, 2.4.1, 2.3, 2.2, 2.1.0)
  Downloading from URL https://pypi.python.org/packages/source/p/pycrypto/pycrypto-2.6.1.tar.gz#md5=55a61a054aa66812daf5161a0d5d7eda (from https://pypi.python.org/simple/pycrypto/)
  Running setup.py (path:/home/infoadmin/webapps/hello_django/build/pycrypto/setup.py) egg_info for package pycrypto
    running egg_info
    creating pip-egg-info/pycrypto.egg-info
    writing pip-egg-info/pycrypto.egg-info/PKG-INFO
    writing top-level names to pip-egg-info/pycrypto.egg-info/top_level.txt
    writing dependency_links to pip-egg-info/pycrypto.egg-info/dependency_links.txt
    writing manifest file 'pip-egg-info/pycrypto.egg-info/SOURCES.txt'
    warning: manifest_maker: standard file '-c' not found
    
    reading manifest file 'pip-egg-info/pycrypto.egg-info/SOURCES.txt'
    reading manifest template 'MANIFEST.in'
    writing manifest file 'pip-egg-info/pycrypto.egg-info/SOURCES.txt'
  Source in ./build/pycrypto has version 2.6.1, which satisfies requirement pycrypto>=2.1,!=2.4 (from paramiko)
Downloading/unpacking ecdsa (from paramiko)
  Getting page https://pypi.python.org/simple/ecdsa/
  URLs to search for versions for ecdsa (from paramiko):
  * https://pypi.python.org/simple/ecdsa/
  Analyzing links from page https://pypi.python.org/simple/ecdsa/
    Found link https://pypi.python.org/packages/source/e/ecdsa/ecdsa-0.10.tar.gz#md5=e95941b3bcbf1726472bb724d7478551 (from https://pypi.python.org/simple/ecdsa/), version: 0.10
    Found link https://pypi.python.org/packages/source/e/ecdsa/ecdsa-0.11.tar.gz#md5=8ef586fe4dbb156697d756900cb41d7c (from https://pypi.python.org/simple/ecdsa/), version: 0.11
    Found link https://pypi.python.org/packages/source/e/ecdsa/ecdsa-0.6.tar.gz#md5=7a4750df7b7b5147a78a69ff92056ead (from https://pypi.python.org/simple/ecdsa/), version: 0.6
    Found link https://pypi.python.org/packages/source/e/ecdsa/ecdsa-0.7.tar.gz#md5=cdf12b87e2f3cd96bac221b87a8eee52 (from https://pypi.python.org/simple/ecdsa/), version: 0.7
    Found link https://pypi.python.org/packages/source/e/ecdsa/ecdsa-0.8.tar.gz#md5=a3575705afb24d7cbc1694960d3965b1 (from https://pypi.python.org/simple/ecdsa/), version: 0.8
    Found link https://pypi.python.org/packages/source/e/ecdsa/ecdsa-0.9.tar.gz#md5=2b9c35245ce391d6b7d8f991aad5c630 (from https://pypi.python.org/simple/ecdsa/), version: 0.9
  Using version 0.11 (newest of versions: 0.11, 0.10, 0.9, 0.8, 0.7, 0.6)
  Downloading from URL https://pypi.python.org/packages/source/e/ecdsa/ecdsa-0.11.tar.gz#md5=8ef586fe4dbb156697d756900cb41d7c (from https://pypi.python.org/simple/ecdsa/)
  Running setup.py (path:/home/infoadmin/webapps/hello_django/build/ecdsa/setup.py) egg_info for package ecdsa
    running egg_info
    creating pip-egg-info/ecdsa.egg-info
    writing pip-egg-info/ecdsa.egg-info/PKG-INFO
    writing top-level names to pip-egg-info/ecdsa.egg-info/top_level.txt
    writing dependency_links to pip-egg-info/ecdsa.egg-info/dependency_links.txt
    writing manifest file 'pip-egg-info/ecdsa.egg-info/SOURCES.txt'
    warning: manifest_maker: standard file '-c' not found
    
    reading manifest file 'pip-egg-info/ecdsa.egg-info/SOURCES.txt'
    reading manifest template 'MANIFEST.in'
    writing manifest file 'pip-egg-info/ecdsa.egg-info/SOURCES.txt'
  Source in ./build/ecdsa has version 0.11, which satisfies requirement ecdsa (from paramiko)
Installing collected packages: paramiko, pycrypto, ecdsa
  Running setup.py install for pycrypto
    Running command /home/infoadmin/webapps/hello_django/bin/python -c "import setuptools, tokenize;__file__='/home/infoadmin/webapps/hello_django/build/pycrypto/setup.py';exec(compile(getattr(tokenize, 'open', open)(__file__).read().replace('\r\n', '\n'), __file__, 'exec'))" install --record /tmp/pip-c9My3D-record/install-record.txt --single-version-externally-managed --compile --install-headers /home/infoadmin/webapps/hello_django/include/site/python2.7
    running install
    running build
    running build_py
    creating build
    creating build/lib.linux-x86_64-2.7
    creating build/lib.linux-x86_64-2.7/Crypto
    copying lib/Crypto/__init__.py -> build/lib.linux-x86_64-2.7/Crypto
    copying lib/Crypto/pct_warnings.py -> build/lib.linux-x86_64-2.7/Crypto
    creating build/lib.linux-x86_64-2.7/Crypto/Hash
    copying lib/Crypto/Hash/hashalgo.py -> build/lib.linux-x86_64-2.7/Crypto/Hash
    copying lib/Crypto/Hash/MD5.py -> build/lib.linux-x86_64-2.7/Crypto/Hash
    copying lib/Crypto/Hash/__init__.py -> build/lib.linux-x86_64-2.7/Crypto/Hash
    copying lib/Crypto/Hash/SHA256.py -> build/lib.linux-x86_64-2.7/Crypto/Hash
    copying lib/Crypto/Hash/HMAC.py -> build/lib.linux-x86_64-2.7/Crypto/Hash
    copying lib/Crypto/Hash/SHA224.py -> build/lib.linux-x86_64-2.7/Crypto/Hash
    copying lib/Crypto/Hash/SHA.py -> build/lib.linux-x86_64-2.7/Crypto/Hash
    copying lib/Crypto/Hash/RIPEMD.py -> build/lib.linux-x86_64-2.7/Crypto/Hash
    copying lib/Crypto/Hash/MD2.py -> build/lib.linux-x86_64-2.7/Crypto/Hash
    copying lib/Crypto/Hash/MD4.py -> build/lib.linux-x86_64-2.7/Crypto/Hash
    copying lib/Crypto/Hash/SHA384.py -> build/lib.linux-x86_64-2.7/Crypto/Hash
    copying lib/Crypto/Hash/SHA512.py -> build/lib.linux-x86_64-2.7/Crypto/Hash
    creating build/lib.linux-x86_64-2.7/Crypto/Cipher
    copying lib/Crypto/Cipher/__init__.py -> build/lib.linux-x86_64-2.7/Crypto/Cipher
    copying lib/Crypto/Cipher/ARC4.py -> build/lib.linux-x86_64-2.7/Crypto/Cipher
    copying lib/Crypto/Cipher/XOR.py -> build/lib.linux-x86_64-2.7/Crypto/Cipher
    copying lib/Crypto/Cipher/DES3.py -> build/lib.linux-x86_64-2.7/Crypto/Cipher
    copying lib/Crypto/Cipher/PKCS1_v1_5.py -> build/lib.linux-x86_64-2.7/Crypto/Cipher
    copying lib/Crypto/Cipher/DES.py -> build/lib.linux-x86_64-2.7/Crypto/Cipher
    copying lib/Crypto/Cipher/Blowfish.py -> build/lib.linux-x86_64-2.7/Crypto/Cipher
    copying lib/Crypto/Cipher/CAST.py -> build/lib.linux-x86_64-2.7/Crypto/Cipher
    copying lib/Crypto/Cipher/AES.py -> build/lib.linux-x86_64-2.7/Crypto/Cipher
    copying lib/Crypto/Cipher/PKCS1_OAEP.py -> build/lib.linux-x86_64-2.7/Crypto/Cipher
    copying lib/Crypto/Cipher/blockalgo.py -> build/lib.linux-x86_64-2.7/Crypto/Cipher
    copying lib/Crypto/Cipher/ARC2.py -> build/lib.linux-x86_64-2.7/Crypto/Cipher
    creating build/lib.linux-x86_64-2.7/Crypto/Util
    copying lib/Crypto/Util/__init__.py -> build/lib.linux-x86_64-2.7/Crypto/Util
    copying lib/Crypto/Util/Counter.py -> build/lib.linux-x86_64-2.7/Crypto/Util
    copying lib/Crypto/Util/py21compat.py -> build/lib.linux-x86_64-2.7/Crypto/Util
    copying lib/Crypto/Util/asn1.py -> build/lib.linux-x86_64-2.7/Crypto/Util
    copying lib/Crypto/Util/py3compat.py -> build/lib.linux-x86_64-2.7/Crypto/Util
    copying lib/Crypto/Util/RFC1751.py -> build/lib.linux-x86_64-2.7/Crypto/Util
    copying lib/Crypto/Util/winrandom.py -> build/lib.linux-x86_64-2.7/Crypto/Util
    copying lib/Crypto/Util/_number_new.py -> build/lib.linux-x86_64-2.7/Crypto/Util
    copying lib/Crypto/Util/randpool.py -> build/lib.linux-x86_64-2.7/Crypto/Util
    copying lib/Crypto/Util/number.py -> build/lib.linux-x86_64-2.7/Crypto/Util
    creating build/lib.linux-x86_64-2.7/Crypto/Random
    copying lib/Crypto/Random/__init__.py -> build/lib.linux-x86_64-2.7/Crypto/Random
    copying lib/Crypto/Random/_UserFriendlyRNG.py -> build/lib.linux-x86_64-2.7/Crypto/Random
    copying lib/Crypto/Random/random.py -> build/lib.linux-x86_64-2.7/Crypto/Random
    creating build/lib.linux-x86_64-2.7/Crypto/Random/Fortuna
    copying lib/Crypto/Random/Fortuna/__init__.py -> build/lib.linux-x86_64-2.7/Crypto/Random/Fortuna
    copying lib/Crypto/Random/Fortuna/SHAd256.py -> build/lib.linux-x86_64-2.7/Crypto/Random/Fortuna
    copying lib/Crypto/Random/Fortuna/FortunaAccumulator.py -> build/lib.linux-x86_64-2.7/Crypto/Random/Fortuna
    copying lib/Crypto/Random/Fortuna/FortunaGenerator.py -> build/lib.linux-x86_64-2.7/Crypto/Random/Fortuna
    creating build/lib.linux-x86_64-2.7/Crypto/Random/OSRNG
    copying lib/Crypto/Random/OSRNG/__init__.py -> build/lib.linux-x86_64-2.7/Crypto/Random/OSRNG
    copying lib/Crypto/Random/OSRNG/rng_base.py -> build/lib.linux-x86_64-2.7/Crypto/Random/OSRNG
    copying lib/Crypto/Random/OSRNG/nt.py -> build/lib.linux-x86_64-2.7/Crypto/Random/OSRNG
    copying lib/Crypto/Random/OSRNG/fallback.py -> build/lib.linux-x86_64-2.7/Crypto/Random/OSRNG
    copying lib/Crypto/Random/OSRNG/posix.py -> build/lib.linux-x86_64-2.7/Crypto/Random/OSRNG
    creating build/lib.linux-x86_64-2.7/Crypto/SelfTest
    copying lib/Crypto/SelfTest/__init__.py -> build/lib.linux-x86_64-2.7/Crypto/SelfTest
    copying lib/Crypto/SelfTest/st_common.py -> build/lib.linux-x86_64-2.7/Crypto/SelfTest
    creating build/lib.linux-x86_64-2.7/Crypto/SelfTest/Cipher
    copying lib/Crypto/SelfTest/Cipher/test_pkcs1_15.py -> build/lib.linux-x86_64-2.7/Crypto/SelfTest/Cipher
    copying lib/Crypto/SelfTest/Cipher/__init__.py -> build/lib.linux-x86_64-2.7/Crypto/SelfTest/Cipher
    copying lib/Crypto/SelfTest/Cipher/common.py -> build/lib.linux-x86_64-2.7/Crypto/SelfTest/Cipher
    copying lib/Crypto/SelfTest/Cipher/test_XOR.py -> build/lib.linux-x86_64-2.7/Crypto/SelfTest/Cipher
    copying lib/Crypto/SelfTest/Cipher/test_ARC4.py -> build/lib.linux-x86_64-2.7/Crypto/SelfTest/Cipher
    copying lib/Crypto/SelfTest/Cipher/test_AES.py -> build/lib.linux-x86_64-2.7/Crypto/SelfTest/Cipher
    copying lib/Crypto/SelfTest/Cipher/test_pkcs1_oaep.py -> build/lib.linux-x86_64-2.7/Crypto/SelfTest/Cipher
    copying lib/Crypto/SelfTest/Cipher/test_CAST.py -> build/lib.linux-x86_64-2.7/Crypto/SelfTest/Cipher
    copying lib/Crypto/SelfTest/Cipher/test_DES.py -> build/lib.linux-x86_64-2.7/Crypto/SelfTest/Cipher
    copying lib/Crypto/SelfTest/Cipher/test_ARC2.py -> build/lib.linux-x86_64-2.7/Crypto/SelfTest/Cipher
    copying lib/Crypto/SelfTest/Cipher/test_Blowfish.py -> build/lib.linux-x86_64-2.7/Crypto/SelfTest/Cipher
    copying lib/Crypto/SelfTest/Cipher/test_DES3.py -> build/lib.linux-x86_64-2.7/Crypto/SelfTest/Cipher
    creating build/lib.linux-x86_64-2.7/Crypto/SelfTest/Hash
    copying lib/Crypto/SelfTest/Hash/test_MD5.py -> build/lib.linux-x86_64-2.7/Crypto/SelfTest/Hash
    copying lib/Crypto/SelfTest/Hash/test_SHA.py -> build/lib.linux-x86_64-2.7/Crypto/SelfTest/Hash
    copying lib/Crypto/SelfTest/Hash/__init__.py -> build/lib.linux-x86_64-2.7/Crypto/SelfTest/Hash
    copying lib/Crypto/SelfTest/Hash/test_SHA384.py -> build/lib.linux-x86_64-2.7/Crypto/SelfTest/Hash
    copying lib/Crypto/SelfTest/Hash/test_MD4.py -> build/lib.linux-x86_64-2.7/Crypto/SelfTest/Hash
    copying lib/Crypto/SelfTest/Hash/common.py -> build/lib.linux-x86_64-2.7/Crypto/SelfTest/Hash
    copying lib/Crypto/SelfTest/Hash/test_SHA224.py -> build/lib.linux-x86_64-2.7/Crypto/SelfTest/Hash
    copying lib/Crypto/SelfTest/Hash/test_SHA512.py -> build/lib.linux-x86_64-2.7/Crypto/SelfTest/Hash
    copying lib/Crypto/SelfTest/Hash/test_SHA256.py -> build/lib.linux-x86_64-2.7/Crypto/SelfTest/Hash
    copying lib/Crypto/SelfTest/Hash/test_HMAC.py -> build/lib.linux-x86_64-2.7/Crypto/SelfTest/Hash
    copying lib/Crypto/SelfTest/Hash/test_RIPEMD.py -> build/lib.linux-x86_64-2.7/Crypto/SelfTest/Hash
    copying lib/Crypto/SelfTest/Hash/test_MD2.py -> build/lib.linux-x86_64-2.7/Crypto/SelfTest/Hash
    creating build/lib.linux-x86_64-2.7/Crypto/SelfTest/Protocol
    copying lib/Crypto/SelfTest/Protocol/__init__.py -> build/lib.linux-x86_64-2.7/Crypto/SelfTest/Protocol
    copying lib/Crypto/SelfTest/Protocol/test_AllOrNothing.py -> build/lib.linux-x86_64-2.7/Crypto/SelfTest/Protocol
    copying lib/Crypto/SelfTest/Protocol/test_chaffing.py -> build/lib.linux-x86_64-2.7/Crypto/SelfTest/Protocol
    copying lib/Crypto/SelfTest/Protocol/test_KDF.py -> build/lib.linux-x86_64-2.7/Crypto/SelfTest/Protocol
    copying lib/Crypto/SelfTest/Protocol/test_rfc1751.py -> build/lib.linux-x86_64-2.7/Crypto/SelfTest/Protocol
    creating build/lib.linux-x86_64-2.7/Crypto/SelfTest/PublicKey
    copying lib/Crypto/SelfTest/PublicKey/__init__.py -> build/lib.linux-x86_64-2.7/Crypto/SelfTest/PublicKey
    copying lib/Crypto/SelfTest/PublicKey/test_DSA.py -> build/lib.linux-x86_64-2.7/Crypto/SelfTest/PublicKey
    copying lib/Crypto/SelfTest/PublicKey/test_importKey.py -> build/lib.linux-x86_64-2.7/Crypto/SelfTest/PublicKey
    copying lib/Crypto/SelfTest/PublicKey/test_ElGamal.py -> build/lib.linux-x86_64-2.7/Crypto/SelfTest/PublicKey
    copying lib/Crypto/SelfTest/PublicKey/test_RSA.py -> build/lib.linux-x86_64-2.7/Crypto/SelfTest/PublicKey
    creating build/lib.linux-x86_64-2.7/Crypto/SelfTest/Random
    copying lib/Crypto/SelfTest/Random/__init__.py -> build/lib.linux-x86_64-2.7/Crypto/SelfTest/Random
    copying lib/Crypto/SelfTest/Random/test_rpoolcompat.py -> build/lib.linux-x86_64-2.7/Crypto/SelfTest/Random
    copying lib/Crypto/SelfTest/Random/test__UserFriendlyRNG.py -> build/lib.linux-x86_64-2.7/Crypto/SelfTest/Random
    copying lib/Crypto/SelfTest/Random/test_random.py -> build/lib.linux-x86_64-2.7/Crypto/SelfTest/Random
    creating build/lib.linux-x86_64-2.7/Crypto/SelfTest/Random/Fortuna
    copying lib/Crypto/SelfTest/Random/Fortuna/__init__.py -> build/lib.linux-x86_64-2.7/Crypto/SelfTest/Random/Fortuna
    copying lib/Crypto/SelfTest/Random/Fortuna/test_SHAd256.py -> build/lib.linux-x86_64-2.7/Crypto/SelfTest/Random/Fortuna
    copying lib/Crypto/SelfTest/Random/Fortuna/test_FortunaAccumulator.py -> build/lib.linux-x86_64-2.7/Crypto/SelfTest/Random/Fortuna
    copying lib/Crypto/SelfTest/Random/Fortuna/test_FortunaGenerator.py -> build/lib.linux-x86_64-2.7/Crypto/SelfTest/Random/Fortuna
    creating build/lib.linux-x86_64-2.7/Crypto/SelfTest/Random/OSRNG
    copying lib/Crypto/SelfTest/Random/OSRNG/__init__.py -> build/lib.linux-x86_64-2.7/Crypto/SelfTest/Random/OSRNG
    copying lib/Crypto/SelfTest/Random/OSRNG/test_fallback.py -> build/lib.linux-x86_64-2.7/Crypto/SelfTest/Random/OSRNG
    copying lib/Crypto/SelfTest/Random/OSRNG/test_winrandom.py -> build/lib.linux-x86_64-2.7/Crypto/SelfTest/Random/OSRNG
    copying lib/Crypto/SelfTest/Random/OSRNG/test_generic.py -> build/lib.linux-x86_64-2.7/Crypto/SelfTest/Random/OSRNG
    copying lib/Crypto/SelfTest/Random/OSRNG/test_nt.py -> build/lib.linux-x86_64-2.7/Crypto/SelfTest/Random/OSRNG
    copying lib/Crypto/SelfTest/Random/OSRNG/test_posix.py -> build/lib.linux-x86_64-2.7/Crypto/SelfTest/Random/OSRNG
    creating build/lib.linux-x86_64-2.7/Crypto/SelfTest/Util
    copying lib/Crypto/SelfTest/Util/__init__.py -> build/lib.linux-x86_64-2.7/Crypto/SelfTest/Util
    copying lib/Crypto/SelfTest/Util/test_Counter.py -> build/lib.linux-x86_64-2.7/Crypto/SelfTest/Util
    copying lib/Crypto/SelfTest/Util/test_asn1.py -> build/lib.linux-x86_64-2.7/Crypto/SelfTest/Util
    copying lib/Crypto/SelfTest/Util/test_winrandom.py -> build/lib.linux-x86_64-2.7/Crypto/SelfTest/Util
    copying lib/Crypto/SelfTest/Util/test_number.py -> build/lib.linux-x86_64-2.7/Crypto/SelfTest/Util
    creating build/lib.linux-x86_64-2.7/Crypto/SelfTest/Signature
    copying lib/Crypto/SelfTest/Signature/test_pkcs1_15.py -> build/lib.linux-x86_64-2.7/Crypto/SelfTest/Signature
    copying lib/Crypto/SelfTest/Signature/__init__.py -> build/lib.linux-x86_64-2.7/Crypto/SelfTest/Signature
    copying lib/Crypto/SelfTest/Signature/test_pkcs1_pss.py -> build/lib.linux-x86_64-2.7/Crypto/SelfTest/Signature
    creating build/lib.linux-x86_64-2.7/Crypto/Protocol
    copying lib/Crypto/Protocol/__init__.py -> build/lib.linux-x86_64-2.7/Crypto/Protocol
    copying lib/Crypto/Protocol/AllOrNothing.py -> build/lib.linux-x86_64-2.7/Crypto/Protocol
    copying lib/Crypto/Protocol/Chaffing.py -> build/lib.linux-x86_64-2.7/Crypto/Protocol
    copying lib/Crypto/Protocol/KDF.py -> build/lib.linux-x86_64-2.7/Crypto/Protocol
    creating build/lib.linux-x86_64-2.7/Crypto/PublicKey
    copying lib/Crypto/PublicKey/_slowmath.py -> build/lib.linux-x86_64-2.7/Crypto/PublicKey
    copying lib/Crypto/PublicKey/__init__.py -> build/lib.linux-x86_64-2.7/Crypto/PublicKey
    copying lib/Crypto/PublicKey/RSA.py -> build/lib.linux-x86_64-2.7/Crypto/PublicKey
    copying lib/Crypto/PublicKey/_DSA.py -> build/lib.linux-x86_64-2.7/Crypto/PublicKey
    copying lib/Crypto/PublicKey/ElGamal.py -> build/lib.linux-x86_64-2.7/Crypto/PublicKey
    copying lib/Crypto/PublicKey/_RSA.py -> build/lib.linux-x86_64-2.7/Crypto/PublicKey
    copying lib/Crypto/PublicKey/DSA.py -> build/lib.linux-x86_64-2.7/Crypto/PublicKey
    copying lib/Crypto/PublicKey/pubkey.py -> build/lib.linux-x86_64-2.7/Crypto/PublicKey
    creating build/lib.linux-x86_64-2.7/Crypto/Signature
    copying lib/Crypto/Signature/__init__.py -> build/lib.linux-x86_64-2.7/Crypto/Signature
    copying lib/Crypto/Signature/PKCS1_PSS.py -> build/lib.linux-x86_64-2.7/Crypto/Signature
    copying lib/Crypto/Signature/PKCS1_v1_5.py -> build/lib.linux-x86_64-2.7/Crypto/Signature
    running build_ext
    running build_configure
    checking for gcc... no
    checking for cc... no
    checking for cl.exe... no
    configure: error: in `/home/infoadmin/webapps/hello_django/build/pycrypto':
    configure: error: no acceptable C compiler found in $PATH
    See `config.log' for more details
    Traceback (most recent call last):
      File "<string>", line 1, in <module>
      File "/home/infoadmin/webapps/hello_django/build/pycrypto/setup.py", line 456, in <module>
        core.setup(**kw)
      File "/usr/lib/python2.7/distutils/core.py", line 152, in setup
        dist.run_commands()
      File "/usr/lib/python2.7/distutils/dist.py", line 953, in run_commands
        self.run_command(cmd)
      File "/usr/lib/python2.7/distutils/dist.py", line 972, in run_command
        cmd_obj.run()
      File "/home/infoadmin/webapps/hello_django/local/lib/python2.7/site-packages/setuptools/command/install.py", line 59, in run
        return orig.install.run(self)
      File "/usr/lib/python2.7/distutils/command/install.py", line 601, in run
        self.run_command('build')
      File "/usr/lib/python2.7/distutils/cmd.py", line 326, in run_command
        self.distribution.run_command(command)
      File "/usr/lib/python2.7/distutils/dist.py", line 972, in run_command
        cmd_obj.run()
      File "/usr/lib/python2.7/distutils/command/build.py", line 128, in run
        self.run_command(cmd_name)
      File "/usr/lib/python2.7/distutils/cmd.py", line 326, in run_command
        self.distribution.run_command(command)
      File "/usr/lib/python2.7/distutils/dist.py", line 972, in run_command
        cmd_obj.run()
      File "/home/infoadmin/webapps/hello_django/build/pycrypto/setup.py", line 251, in run
        self.run_command(cmd_name)
      File "/usr/lib/python2.7/distutils/cmd.py", line 326, in run_command
        self.distribution.run_command(command)
      File "/usr/lib/python2.7/distutils/dist.py", line 972, in run_command
        cmd_obj.run()
      File "/home/infoadmin/webapps/hello_django/build/pycrypto/setup.py", line 278, in run
        raise RuntimeError("autoconf error")
    RuntimeError: autoconf error
    Complete output from command /home/infoadmin/webapps/hello_django/bin/python -c "import setuptools, tokenize;__file__='/home/infoadmin/webapps/hello_django/build/pycrypto/setup.py';exec(compile(getattr(tokenize, 'open', open)(__file__).read().replace('\r\n', '\n'), __file__, 'exec'))" install --record /tmp/pip-c9My3D-record/install-record.txt --single-version-externally-managed --compile --install-headers /home/infoadmin/webapps/hello_django/include/site/python2.7:
    running install

running build

running build_py

creating build

creating build/lib.linux-x86_64-2.7

creating build/lib.linux-x86_64-2.7/Crypto

copying lib/Crypto/__init__.py -> build/lib.linux-x86_64-2.7/Crypto

copying lib/Crypto/pct_warnings.py -> build/lib.linux-x86_64-2.7/Crypto

creating build/lib.linux-x86_64-2.7/Crypto/Hash

copying lib/Crypto/Hash/hashalgo.py -> build/lib.linux-x86_64-2.7/Crypto/Hash

copying lib/Crypto/Hash/MD5.py -> build/lib.linux-x86_64-2.7/Crypto/Hash

copying lib/Crypto/Hash/__init__.py -> build/lib.linux-x86_64-2.7/Crypto/Hash

copying lib/Crypto/Hash/SHA256.py -> build/lib.linux-x86_64-2.7/Crypto/Hash

copying lib/Crypto/Hash/HMAC.py -> build/lib.linux-x86_64-2.7/Crypto/Hash

copying lib/Crypto/Hash/SHA224.py -> build/lib.linux-x86_64-2.7/Crypto/Hash

copying lib/Crypto/Hash/SHA.py -> build/lib.linux-x86_64-2.7/Crypto/Hash

copying lib/Crypto/Hash/RIPEMD.py -> build/lib.linux-x86_64-2.7/Crypto/Hash

copying lib/Crypto/Hash/MD2.py -> build/lib.linux-x86_64-2.7/Crypto/Hash

copying lib/Crypto/Hash/MD4.py -> build/lib.linux-x86_64-2.7/Crypto/Hash

copying lib/Crypto/Hash/SHA384.py -> build/lib.linux-x86_64-2.7/Crypto/Hash

copying lib/Crypto/Hash/SHA512.py -> build/lib.linux-x86_64-2.7/Crypto/Hash

creating build/lib.linux-x86_64-2.7/Crypto/Cipher

copying lib/Crypto/Cipher/__init__.py -> build/lib.linux-x86_64-2.7/Crypto/Cipher

copying lib/Crypto/Cipher/ARC4.py -> build/lib.linux-x86_64-2.7/Crypto/Cipher

copying lib/Crypto/Cipher/XOR.py -> build/lib.linux-x86_64-2.7/Crypto/Cipher

copying lib/Crypto/Cipher/DES3.py -> build/lib.linux-x86_64-2.7/Crypto/Cipher

copying lib/Crypto/Cipher/PKCS1_v1_5.py -> build/lib.linux-x86_64-2.7/Crypto/Cipher

copying lib/Crypto/Cipher/DES.py -> build/lib.linux-x86_64-2.7/Crypto/Cipher

copying lib/Crypto/Cipher/Blowfish.py -> build/lib.linux-x86_64-2.7/Crypto/Cipher

copying lib/Crypto/Cipher/CAST.py -> build/lib.linux-x86_64-2.7/Crypto/Cipher

copying lib/Crypto/Cipher/AES.py -> build/lib.linux-x86_64-2.7/Crypto/Cipher

copying lib/Crypto/Cipher/PKCS1_OAEP.py -> build/lib.linux-x86_64-2.7/Crypto/Cipher

copying lib/Crypto/Cipher/blockalgo.py -> build/lib.linux-x86_64-2.7/Crypto/Cipher

copying lib/Crypto/Cipher/ARC2.py -> build/lib.linux-x86_64-2.7/Crypto/Cipher

creating build/lib.linux-x86_64-2.7/Crypto/Util

copying lib/Crypto/Util/__init__.py -> build/lib.linux-x86_64-2.7/Crypto/Util

copying lib/Crypto/Util/Counter.py -> build/lib.linux-x86_64-2.7/Crypto/Util

copying lib/Crypto/Util/py21compat.py -> build/lib.linux-x86_64-2.7/Crypto/Util

copying lib/Crypto/Util/asn1.py -> build/lib.linux-x86_64-2.7/Crypto/Util

copying lib/Crypto/Util/py3compat.py -> build/lib.linux-x86_64-2.7/Crypto/Util

copying lib/Crypto/Util/RFC1751.py -> build/lib.linux-x86_64-2.7/Crypto/Util

copying lib/Crypto/Util/winrandom.py -> build/lib.linux-x86_64-2.7/Crypto/Util

copying lib/Crypto/Util/_number_new.py -> build/lib.linux-x86_64-2.7/Crypto/Util

copying lib/Crypto/Util/randpool.py -> build/lib.linux-x86_64-2.7/Crypto/Util

copying lib/Crypto/Util/number.py -> build/lib.linux-x86_64-2.7/Crypto/Util

creating build/lib.linux-x86_64-2.7/Crypto/Random

copying lib/Crypto/Random/__init__.py -> build/lib.linux-x86_64-2.7/Crypto/Random

copying lib/Crypto/Random/_UserFriendlyRNG.py -> build/lib.linux-x86_64-2.7/Crypto/Random

copying lib/Crypto/Random/random.py -> build/lib.linux-x86_64-2.7/Crypto/Random

creating build/lib.linux-x86_64-2.7/Crypto/Random/Fortuna

copying lib/Crypto/Random/Fortuna/__init__.py -> build/lib.linux-x86_64-2.7/Crypto/Random/Fortuna

copying lib/Crypto/Random/Fortuna/SHAd256.py -> build/lib.linux-x86_64-2.7/Crypto/Random/Fortuna

copying lib/Crypto/Random/Fortuna/FortunaAccumulator.py -> build/lib.linux-x86_64-2.7/Crypto/Random/Fortuna

copying lib/Crypto/Random/Fortuna/FortunaGenerator.py -> build/lib.linux-x86_64-2.7/Crypto/Random/Fortuna

creating build/lib.linux-x86_64-2.7/Crypto/Random/OSRNG

copying lib/Crypto/Random/OSRNG/__init__.py -> build/lib.linux-x86_64-2.7/Crypto/Random/OSRNG

copying lib/Crypto/Random/OSRNG/rng_base.py -> build/lib.linux-x86_64-2.7/Crypto/Random/OSRNG

copying lib/Crypto/Random/OSRNG/nt.py -> build/lib.linux-x86_64-2.7/Crypto/Random/OSRNG

copying lib/Crypto/Random/OSRNG/fallback.py -> build/lib.linux-x86_64-2.7/Crypto/Random/OSRNG

copying lib/Crypto/Random/OSRNG/posix.py -> build/lib.linux-x86_64-2.7/Crypto/Random/OSRNG

creating build/lib.linux-x86_64-2.7/Crypto/SelfTest

copying lib/Crypto/SelfTest/__init__.py -> build/lib.linux-x86_64-2.7/Crypto/SelfTest

copying lib/Crypto/SelfTest/st_common.py -> build/lib.linux-x86_64-2.7/Crypto/SelfTest

creating build/lib.linux-x86_64-2.7/Crypto/SelfTest/Cipher

copying lib/Crypto/SelfTest/Cipher/test_pkcs1_15.py -> build/lib.linux-x86_64-2.7/Crypto/SelfTest/Cipher

copying lib/Crypto/SelfTest/Cipher/__init__.py -> build/lib.linux-x86_64-2.7/Crypto/SelfTest/Cipher

copying lib/Crypto/SelfTest/Cipher/common.py -> build/lib.linux-x86_64-2.7/Crypto/SelfTest/Cipher

copying lib/Crypto/SelfTest/Cipher/test_XOR.py -> build/lib.linux-x86_64-2.7/Crypto/SelfTest/Cipher

copying lib/Crypto/SelfTest/Cipher/test_ARC4.py -> build/lib.linux-x86_64-2.7/Crypto/SelfTest/Cipher

copying lib/Crypto/SelfTest/Cipher/test_AES.py -> build/lib.linux-x86_64-2.7/Crypto/SelfTest/Cipher

copying lib/Crypto/SelfTest/Cipher/test_pkcs1_oaep.py -> build/lib.linux-x86_64-2.7/Crypto/SelfTest/Cipher

copying lib/Crypto/SelfTest/Cipher/test_CAST.py -> build/lib.linux-x86_64-2.7/Crypto/SelfTest/Cipher

copying lib/Crypto/SelfTest/Cipher/test_DES.py -> build/lib.linux-x86_64-2.7/Crypto/SelfTest/Cipher

copying lib/Crypto/SelfTest/Cipher/test_ARC2.py -> build/lib.linux-x86_64-2.7/Crypto/SelfTest/Cipher

copying lib/Crypto/SelfTest/Cipher/test_Blowfish.py -> build/lib.linux-x86_64-2.7/Crypto/SelfTest/Cipher

copying lib/Crypto/SelfTest/Cipher/test_DES3.py -> build/lib.linux-x86_64-2.7/Crypto/SelfTest/Cipher

creating build/lib.linux-x86_64-2.7/Crypto/SelfTest/Hash

copying lib/Crypto/SelfTest/Hash/test_MD5.py -> build/lib.linux-x86_64-2.7/Crypto/SelfTest/Hash

copying lib/Crypto/SelfTest/Hash/test_SHA.py -> build/lib.linux-x86_64-2.7/Crypto/SelfTest/Hash

copying lib/Crypto/SelfTest/Hash/__init__.py -> build/lib.linux-x86_64-2.7/Crypto/SelfTest/Hash

copying lib/Crypto/SelfTest/Hash/test_SHA384.py -> build/lib.linux-x86_64-2.7/Crypto/SelfTest/Hash

copying lib/Crypto/SelfTest/Hash/test_MD4.py -> build/lib.linux-x86_64-2.7/Crypto/SelfTest/Hash

copying lib/Crypto/SelfTest/Hash/common.py -> build/lib.linux-x86_64-2.7/Crypto/SelfTest/Hash

copying lib/Crypto/SelfTest/Hash/test_SHA224.py -> build/lib.linux-x86_64-2.7/Crypto/SelfTest/Hash

copying lib/Crypto/SelfTest/Hash/test_SHA512.py -> build/lib.linux-x86_64-2.7/Crypto/SelfTest/Hash

copying lib/Crypto/SelfTest/Hash/test_SHA256.py -> build/lib.linux-x86_64-2.7/Crypto/SelfTest/Hash

copying lib/Crypto/SelfTest/Hash/test_HMAC.py -> build/lib.linux-x86_64-2.7/Crypto/SelfTest/Hash

copying lib/Crypto/SelfTest/Hash/test_RIPEMD.py -> build/lib.linux-x86_64-2.7/Crypto/SelfTest/Hash

copying lib/Crypto/SelfTest/Hash/test_MD2.py -> build/lib.linux-x86_64-2.7/Crypto/SelfTest/Hash

creating build/lib.linux-x86_64-2.7/Crypto/SelfTest/Protocol

copying lib/Crypto/SelfTest/Protocol/__init__.py -> build/lib.linux-x86_64-2.7/Crypto/SelfTest/Protocol

copying lib/Crypto/SelfTest/Protocol/test_AllOrNothing.py -> build/lib.linux-x86_64-2.7/Crypto/SelfTest/Protocol

copying lib/Crypto/SelfTest/Protocol/test_chaffing.py -> build/lib.linux-x86_64-2.7/Crypto/SelfTest/Protocol

copying lib/Crypto/SelfTest/Protocol/test_KDF.py -> build/lib.linux-x86_64-2.7/Crypto/SelfTest/Protocol

copying lib/Crypto/SelfTest/Protocol/test_rfc1751.py -> build/lib.linux-x86_64-2.7/Crypto/SelfTest/Protocol

creating build/lib.linux-x86_64-2.7/Crypto/SelfTest/PublicKey

copying lib/Crypto/SelfTest/PublicKey/__init__.py -> build/lib.linux-x86_64-2.7/Crypto/SelfTest/PublicKey

copying lib/Crypto/SelfTest/PublicKey/test_DSA.py -> build/lib.linux-x86_64-2.7/Crypto/SelfTest/PublicKey

copying lib/Crypto/SelfTest/PublicKey/test_importKey.py -> build/lib.linux-x86_64-2.7/Crypto/SelfTest/PublicKey

copying lib/Crypto/SelfTest/PublicKey/test_ElGamal.py -> build/lib.linux-x86_64-2.7/Crypto/SelfTest/PublicKey

copying lib/Crypto/SelfTest/PublicKey/test_RSA.py -> build/lib.linux-x86_64-2.7/Crypto/SelfTest/PublicKey

creating build/lib.linux-x86_64-2.7/Crypto/SelfTest/Random

copying lib/Crypto/SelfTest/Random/__init__.py -> build/lib.linux-x86_64-2.7/Crypto/SelfTest/Random

copying lib/Crypto/SelfTest/Random/test_rpoolcompat.py -> build/lib.linux-x86_64-2.7/Crypto/SelfTest/Random

copying lib/Crypto/SelfTest/Random/test__UserFriendlyRNG.py -> build/lib.linux-x86_64-2.7/Crypto/SelfTest/Random

copying lib/Crypto/SelfTest/Random/test_random.py -> build/lib.linux-x86_64-2.7/Crypto/SelfTest/Random

creating build/lib.linux-x86_64-2.7/Crypto/SelfTest/Random/Fortuna

copying lib/Crypto/SelfTest/Random/Fortuna/__init__.py -> build/lib.linux-x86_64-2.7/Crypto/SelfTest/Random/Fortuna

copying lib/Crypto/SelfTest/Random/Fortuna/test_SHAd256.py -> build/lib.linux-x86_64-2.7/Crypto/SelfTest/Random/Fortuna

copying lib/Crypto/SelfTest/Random/Fortuna/test_FortunaAccumulator.py -> build/lib.linux-x86_64-2.7/Crypto/SelfTest/Random/Fortuna

copying lib/Crypto/SelfTest/Random/Fortuna/test_FortunaGenerator.py -> build/lib.linux-x86_64-2.7/Crypto/SelfTest/Random/Fortuna

creating build/lib.linux-x86_64-2.7/Crypto/SelfTest/Random/OSRNG

copying lib/Crypto/SelfTest/Random/OSRNG/__init__.py -> build/lib.linux-x86_64-2.7/Crypto/SelfTest/Random/OSRNG

copying lib/Crypto/SelfTest/Random/OSRNG/test_fallback.py -> build/lib.linux-x86_64-2.7/Crypto/SelfTest/Random/OSRNG

copying lib/Crypto/SelfTest/Random/OSRNG/test_winrandom.py -> build/lib.linux-x86_64-2.7/Crypto/SelfTest/Random/OSRNG

copying lib/Crypto/SelfTest/Random/OSRNG/test_generic.py -> build/lib.linux-x86_64-2.7/Crypto/SelfTest/Random/OSRNG

copying lib/Crypto/SelfTest/Random/OSRNG/test_nt.py -> build/lib.linux-x86_64-2.7/Crypto/SelfTest/Random/OSRNG

copying lib/Crypto/SelfTest/Random/OSRNG/test_posix.py -> build/lib.linux-x86_64-2.7/Crypto/SelfTest/Random/OSRNG

creating build/lib.linux-x86_64-2.7/Crypto/SelfTest/Util

copying lib/Crypto/SelfTest/Util/__init__.py -> build/lib.linux-x86_64-2.7/Crypto/SelfTest/Util

copying lib/Crypto/SelfTest/Util/test_Counter.py -> build/lib.linux-x86_64-2.7/Crypto/SelfTest/Util

copying lib/Crypto/SelfTest/Util/test_asn1.py -> build/lib.linux-x86_64-2.7/Crypto/SelfTest/Util

copying lib/Crypto/SelfTest/Util/test_winrandom.py -> build/lib.linux-x86_64-2.7/Crypto/SelfTest/Util

copying lib/Crypto/SelfTest/Util/test_number.py -> build/lib.linux-x86_64-2.7/Crypto/SelfTest/Util

creating build/lib.linux-x86_64-2.7/Crypto/SelfTest/Signature

copying lib/Crypto/SelfTest/Signature/test_pkcs1_15.py -> build/lib.linux-x86_64-2.7/Crypto/SelfTest/Signature

copying lib/Crypto/SelfTest/Signature/__init__.py -> build/lib.linux-x86_64-2.7/Crypto/SelfTest/Signature

copying lib/Crypto/SelfTest/Signature/test_pkcs1_pss.py -> build/lib.linux-x86_64-2.7/Crypto/SelfTest/Signature

creating build/lib.linux-x86_64-2.7/Crypto/Protocol

copying lib/Crypto/Protocol/__init__.py -> build/lib.linux-x86_64-2.7/Crypto/Protocol

copying lib/Crypto/Protocol/AllOrNothing.py -> build/lib.linux-x86_64-2.7/Crypto/Protocol

copying lib/Crypto/Protocol/Chaffing.py -> build/lib.linux-x86_64-2.7/Crypto/Protocol

copying lib/Crypto/Protocol/KDF.py -> build/lib.linux-x86_64-2.7/Crypto/Protocol

creating build/lib.linux-x86_64-2.7/Crypto/PublicKey

copying lib/Crypto/PublicKey/_slowmath.py -> build/lib.linux-x86_64-2.7/Crypto/PublicKey

copying lib/Crypto/PublicKey/__init__.py -> build/lib.linux-x86_64-2.7/Crypto/PublicKey

copying lib/Crypto/PublicKey/RSA.py -> build/lib.linux-x86_64-2.7/Crypto/PublicKey

copying lib/Crypto/PublicKey/_DSA.py -> build/lib.linux-x86_64-2.7/Crypto/PublicKey

copying lib/Crypto/PublicKey/ElGamal.py -> build/lib.linux-x86_64-2.7/Crypto/PublicKey

copying lib/Crypto/PublicKey/_RSA.py -> build/lib.linux-x86_64-2.7/Crypto/PublicKey

copying lib/Crypto/PublicKey/DSA.py -> build/lib.linux-x86_64-2.7/Crypto/PublicKey

copying lib/Crypto/PublicKey/pubkey.py -> build/lib.linux-x86_64-2.7/Crypto/PublicKey

creating build/lib.linux-x86_64-2.7/Crypto/Signature

copying lib/Crypto/Signature/__init__.py -> build/lib.linux-x86_64-2.7/Crypto/Signature

copying lib/Crypto/Signature/PKCS1_PSS.py -> build/lib.linux-x86_64-2.7/Crypto/Signature

copying lib/Crypto/Signature/PKCS1_v1_5.py -> build/lib.linux-x86_64-2.7/Crypto/Signature

running build_ext

running build_configure

checking for gcc... no

checking for cc... no

checking for cl.exe... no

configure: error: in `/home/infoadmin/webapps/hello_django/build/pycrypto':

configure: error: no acceptable C compiler found in $PATH

See `config.log' for more details

Traceback (most recent call last):

  File "<string>", line 1, in <module>

  File "/home/infoadmin/webapps/hello_django/build/pycrypto/setup.py", line 456, in <module>

    core.setup(**kw)

  File "/usr/lib/python2.7/distutils/core.py", line 152, in setup

    dist.run_commands()

  File "/usr/lib/python2.7/distutils/dist.py", line 953, in run_commands

    self.run_command(cmd)

  File "/usr/lib/python2.7/distutils/dist.py", line 972, in run_command

    cmd_obj.run()

  File "/home/infoadmin/webapps/hello_django/local/lib/python2.7/site-packages/setuptools/command/install.py", line 59, in run

    return orig.install.run(self)

  File "/usr/lib/python2.7/distutils/command/install.py", line 601, in run

    self.run_command('build')

  File "/usr/lib/python2.7/distutils/cmd.py", line 326, in run_command

    self.distribution.run_command(command)

  File "/usr/lib/python2.7/distutils/dist.py", line 972, in run_command

    cmd_obj.run()

  File "/usr/lib/python2.7/distutils/command/build.py", line 128, in run

    self.run_command(cmd_name)

  File "/usr/lib/python2.7/distutils/cmd.py", line 326, in run_command

    self.distribution.run_command(command)

  File "/usr/lib/python2.7/distutils/dist.py", line 972, in run_command

    cmd_obj.run()

  File "/home/infoadmin/webapps/hello_django/build/pycrypto/setup.py", line 251, in run

    self.run_command(cmd_name)

  File "/usr/lib/python2.7/distutils/cmd.py", line 326, in run_command

    self.distribution.run_command(command)

  File "/usr/lib/python2.7/distutils/dist.py", line 972, in run_command

    cmd_obj.run()

  File "/home/infoadmin/webapps/hello_django/build/pycrypto/setup.py", line 278, in run

    raise RuntimeError("autoconf error")

RuntimeError: autoconf error

----------------------------------------
Cleaning up...
  Removing temporary dir /home/infoadmin/webapps/hello_django/build...
Command /home/infoadmin/webapps/hello_django/bin/python -c "import setuptools, tokenize;__file__='/home/infoadmin/webapps/hello_django/build/pycrypto/setup.py';exec(compile(getattr(tokenize, 'open', open)(__file__).read().replace('\r\n', '\n'), __file__, 'exec'))" install --record /tmp/pip-c9My3D-record/install-record.txt --single-version-externally-managed --compile --install-headers /home/infoadmin/webapps/hello_django/include/site/python2.7 failed with error code 1 in /home/infoadmin/webapps/hello_django/build/pycrypto
Exception information:
Traceback (most recent call last):
  File "/home/infoadmin/webapps/hello_django/local/lib/python2.7/site-packages/pip/basecommand.py", line 122, in main
    status = self.run(options, args)
  File "/home/infoadmin/webapps/hello_django/local/lib/python2.7/site-packages/pip/commands/install.py", line 283, in run
    requirement_set.install(install_options, global_options, root=options.root_path)
  File "/home/infoadmin/webapps/hello_django/local/lib/python2.7/site-packages/pip/req.py", line 1435, in install
    requirement.install(install_options, global_options, *args, **kwargs)
  File "/home/infoadmin/webapps/hello_django/local/lib/python2.7/site-packages/pip/req.py", line 706, in install
    cwd=self.source_dir, filter_stdout=self._filter_install, show_stdout=False)
  File "/home/infoadmin/webapps/hello_django/local/lib/python2.7/site-packages/pip/util.py", line 697, in call_subprocess
    % (command_desc, proc.returncode, cwd))
InstallationError: Command /home/infoadmin/webapps/hello_django/bin/python -c "import setuptools, tokenize;__file__='/home/infoadmin/webapps/hello_django/build/pycrypto/setup.py';exec(compile(getattr(tokenize, 'open', open)(__file__).read().replace('\r\n', '\n'), __file__, 'exec'))" install --record /tmp/pip-c9My3D-record/install-record.txt --single-version-externally-managed --compile --install-headers /home/infoadmin/webapps/hello_django/include/site/python2.7 failed with error code 1 in /home/infoadmin/webapps/hello_django/build/pycrypto
